{"numTotalTestSuites":349,"numPassedTestSuites":349,"numFailedTestSuites":0,"numPendingTestSuites":0,"numTotalTests":998,"numPassedTests":998,"numFailedTests":0,"numPendingTests":0,"numTodoTests":0,"snapshot":{"added":0,"failure":false,"filesAdded":0,"filesRemoved":0,"filesRemovedList":[],"filesUnmatched":0,"filesUpdated":0,"matched":0,"total":0,"unchecked":0,"uncheckedKeysByFile":[],"unmatched":0,"updated":0,"didUpdate":false},"startTime":1769672201703,"success":true,"testResults":[{"assertionResults":[{"ancestorTitles":["App Accessibility Integration","Skip Links"],"fullName":"App Accessibility Integration Skip Links should have skip links that are initially hidden","status":"passed","title":"should have skip links that are initially hidden","duration":744.8868999999977,"failureMessages":[],"meta":{}},{"ancestorTitles":["App Accessibility Integration","Skip Links"],"fullName":"App Accessibility Integration Skip Links should show skip links when focused","status":"passed","title":"should show skip links when focused","duration":114.5564999999915,"failureMessages":[],"meta":{}},{"ancestorTitles":["App Accessibility Integration","Skip Links"],"fullName":"App Accessibility Integration Skip Links should link to correct targets","status":"passed","title":"should link to correct targets","duration":89.71289999999863,"failureMessages":[],"meta":{}},{"ancestorTitles":["App Accessibility Integration","Landmark Roles"],"fullName":"App Accessibility Integration Landmark Roles should have proper main landmark","status":"passed","title":"should have proper main landmark","duration":82.49439999999595,"failureMessages":[],"meta":{}},{"ancestorTitles":["App Accessibility Integration","Landmark Roles"],"fullName":"App Accessibility Integration Landmark Roles should be focusable for skip link navigation","status":"passed","title":"should be focusable for skip link navigation","duration":38.0338000000047,"failureMessages":[],"meta":{}},{"ancestorTitles":["App Accessibility Integration","Keyboard Navigation Flow"],"fullName":"App Accessibility Integration Keyboard Navigation Flow should have logical tab order starting with skip links","status":"passed","title":"should have logical tab order starting with skip links","duration":90.90909999998985,"failureMessages":[],"meta":{}},{"ancestorTitles":["App Accessibility Integration","Keyboard Navigation Flow"],"fullName":"App Accessibility Integration Keyboard Navigation Flow should support skip link functionality","status":"passed","title":"should support skip link functionality","duration":76.03070000000298,"failureMessages":[],"meta":{}},{"ancestorTitles":["App Accessibility Integration","Heading Hierarchy"],"fullName":"App Accessibility Integration Heading Hierarchy should have proper heading structure","status":"passed","title":"should have proper heading structure","duration":70.03849999999511,"failureMessages":[],"meta":{}},{"ancestorTitles":["App Accessibility Integration","Focus Management"],"fullName":"App Accessibility Integration Focus Management should handle focus properly when navigating","status":"passed","title":"should handle focus properly when navigating","duration":134.01570000000356,"failureMessages":[],"meta":{}},{"ancestorTitles":["Global Accessibility Standards","WCAG 2.1 Compliance"],"fullName":"Global Accessibility Standards WCAG 2.1 Compliance should meet WCAG 2.1 Level AA requirements","status":"passed","title":"should meet WCAG 2.1 Level AA requirements","duration":1.7585000000108266,"failureMessages":[],"meta":{}},{"ancestorTitles":["Global Accessibility Standards","WCAG 2.1 Compliance"],"fullName":"Global Accessibility Standards WCAG 2.1 Compliance should have sufficient color contrast ratios","status":"passed","title":"should have sufficient color contrast ratios","duration":0.6370999999926426,"failureMessages":[],"meta":{}},{"ancestorTitles":["Global Accessibility Standards","WCAG 2.1 Compliance"],"fullName":"Global Accessibility Standards WCAG 2.1 Compliance should support keyboard-only navigation","status":"passed","title":"should support keyboard-only navigation","duration":0.4998000000050524,"failureMessages":[],"meta":{}},{"ancestorTitles":["Global Accessibility Standards","WCAG 2.1 Compliance"],"fullName":"Global Accessibility Standards WCAG 2.1 Compliance should provide text alternatives for images","status":"passed","title":"should provide text alternatives for images","duration":0.46929999999701977,"failureMessages":[],"meta":{}},{"ancestorTitles":["Global Accessibility Standards","Screen Reader Support"],"fullName":"Global Accessibility Standards Screen Reader Support should work with NVDA screen reader","status":"passed","title":"should work with NVDA screen reader","duration":3.802400000000489,"failureMessages":[],"meta":{}},{"ancestorTitles":["Global Accessibility Standards","Screen Reader Support"],"fullName":"Global Accessibility Standards Screen Reader Support should work with JAWS screen reader","status":"passed","title":"should work with JAWS screen reader","duration":3.0130000000062864,"failureMessages":[],"meta":{}},{"ancestorTitles":["Global Accessibility Standards","Screen Reader Support"],"fullName":"Global Accessibility Standards Screen Reader Support should work with VoiceOver","status":"passed","title":"should work with VoiceOver","duration":2.1181999999971595,"failureMessages":[],"meta":{}},{"ancestorTitles":["Global Accessibility Standards","User Preferences"],"fullName":"Global Accessibility Standards User Preferences should respect prefers-reduced-motion","status":"passed","title":"should respect prefers-reduced-motion","duration":0.7890000000043074,"failureMessages":[],"meta":{}},{"ancestorTitles":["Global Accessibility Standards","User Preferences"],"fullName":"Global Accessibility Standards User Preferences should respect prefers-contrast-high","status":"passed","title":"should respect prefers-contrast-high","duration":0.3880000000062864,"failureMessages":[],"meta":{}},{"ancestorTitles":["Global Accessibility Standards","User Preferences"],"fullName":"Global Accessibility Standards User Preferences should respect prefers-color-scheme","status":"passed","title":"should respect prefers-color-scheme","duration":0.3456999999907566,"failureMessages":[],"meta":{}},{"ancestorTitles":["Tabulation Flow Tests"],"fullName":"Tabulation Flow Tests should provide logical tab order through all interactive elements","status":"passed","title":"should provide logical tab order through all interactive elements","duration":96.8804999999993,"failureMessages":[],"meta":{}},{"ancestorTitles":["Tabulation Flow Tests"],"fullName":"Tabulation Flow Tests should handle reverse tab order (Shift+Tab)","status":"passed","title":"should handle reverse tab order (Shift+Tab)","duration":96.4484999999986,"failureMessages":[],"meta":{}},{"ancestorTitles":["Tabulation Flow Tests"],"fullName":"Tabulation Flow Tests should not create keyboard traps","status":"passed","title":"should not create keyboard traps","duration":76.73630000000412,"failureMessages":[],"meta":{}},{"ancestorTitles":["Tabulation Flow Tests"],"fullName":"Tabulation Flow Tests should maintain focus visibility","status":"passed","title":"should maintain focus visibility","duration":936.2608999999939,"failureMessages":[],"meta":{}}],"startTime":1769672248764,"endTime":1769672251444.261,"status":"passed","message":"","name":"C:/Users/dverduin/Documents/Estudio/angular-scaffolding/src/app/app.accessibility.spec.ts"},{"assertionResults":[{"ancestorTitles":["App"],"fullName":"App should create the app","status":"passed","title":"should create the app","duration":1141.5337,"failureMessages":[],"meta":{}},{"ancestorTitles":["App"],"fullName":"App should render title","status":"passed","title":"should render title","duration":46.11730000001262,"failureMessages":[],"meta":{}},{"ancestorTitles":["App"],"fullName":"App should render header component","status":"passed","title":"should render header component","duration":21.348400000002584,"failureMessages":[],"meta":{}},{"ancestorTitles":["App"],"fullName":"App should render router outlet","status":"passed","title":"should render router outlet","duration":31.281000000002678,"failureMessages":[],"meta":{}}],"startTime":1769672280990,"endTime":1769672282230.281,"status":"passed","message":"","name":"C:/Users/dverduin/Documents/Estudio/angular-scaffolding/src/app/app.spec.ts"},{"assertionResults":[{"ancestorTitles":["AbstractApiClient + EntityStore integration"],"fullName":"AbstractApiClient + EntityStore integration should start with empty state","status":"passed","title":"should start with empty state","duration":77.15400000000955,"failureMessages":[],"meta":{}},{"ancestorTitles":["AbstractApiClient + EntityStore integration","getAll()"],"fullName":"AbstractApiClient + EntityStore integration getAll() should fetch and populate items; update signals","status":"passed","title":"should fetch and populate items; update signals","duration":41.29489999997895,"failureMessages":[],"meta":{}},{"ancestorTitles":["AbstractApiClient + EntityStore integration","getAll()"],"fullName":"AbstractApiClient + EntityStore integration getAll() should set error signal on failure","status":"passed","title":"should set error signal on failure","duration":13.149499999999534,"failureMessages":[],"meta":{}},{"ancestorTitles":["AbstractApiClient + EntityStore integration","create()"],"fullName":"AbstractApiClient + EntityStore integration create() should POST and append new item","status":"passed","title":"should POST and append new item","duration":116.31719999999041,"failureMessages":[],"meta":{}},{"ancestorTitles":["AbstractApiClient + EntityStore integration","create()"],"fullName":"AbstractApiClient + EntityStore integration create() should set error on POST failure and not mutate list","status":"passed","title":"should set error on POST failure and not mutate list","duration":8.59309999999823,"failureMessages":[],"meta":{}},{"ancestorTitles":["AbstractApiClient + EntityStore integration","getById()"],"fullName":"AbstractApiClient + EntityStore integration getById() should fetch item and set selectedItem; update existing list entry","status":"passed","title":"should fetch item and set selectedItem; update existing list entry","duration":35.59809999997378,"failureMessages":[],"meta":{}},{"ancestorTitles":["AbstractApiClient + EntityStore integration","getById()"],"fullName":"AbstractApiClient + EntityStore integration getById() should set error on getById failure and not alter items","status":"passed","title":"should set error on getById failure and not alter items","duration":11.25820000001113,"failureMessages":[],"meta":{}},{"ancestorTitles":["AbstractApiClient + EntityStore integration","update()"],"fullName":"AbstractApiClient + EntityStore integration update() should PUT and update list & selectedItem when selected matches","status":"passed","title":"should PUT and update list & selectedItem when selected matches","duration":70.99210000000312,"failureMessages":[],"meta":{}},{"ancestorTitles":["AbstractApiClient + EntityStore integration","update()"],"fullName":"AbstractApiClient + EntityStore integration update() should set error on PUT failure and keep previous data","status":"passed","title":"should set error on PUT failure and keep previous data","duration":9.432000000000698,"failureMessages":[],"meta":{}},{"ancestorTitles":["AbstractApiClient + EntityStore integration","delete()"],"fullName":"AbstractApiClient + EntityStore integration delete() should DELETE and remove from list; clear selection if deleted","status":"passed","title":"should DELETE and remove from list; clear selection if deleted","duration":31.20130000001518,"failureMessages":[],"meta":{}},{"ancestorTitles":["AbstractApiClient + EntityStore integration","delete()"],"fullName":"AbstractApiClient + EntityStore integration delete() should set error on DELETE failure and keep item & selection","status":"passed","title":"should set error on DELETE failure and keep item & selection","duration":4.966600000014296,"failureMessages":[],"meta":{}},{"ancestorTitles":["AbstractApiClient + EntityStore integration","refresh()"],"fullName":"AbstractApiClient + EntityStore integration refresh() should call getAll()","status":"passed","title":"should call getAll()","duration":5.873200000001816,"failureMessages":[],"meta":{}},{"ancestorTitles":["AbstractApiClient + EntityStore integration","clear()"],"fullName":"AbstractApiClient + EntityStore integration clear() should reset state signals","status":"passed","title":"should reset state signals","duration":41.28729999999632,"failureMessages":[],"meta":{}},{"ancestorTitles":["AbstractApiClient + EntityStore integration","handleError()"],"fullName":"AbstractApiClient + EntityStore integration handleError() should prefer nested error.message and error.code when present","status":"passed","title":"should prefer nested error.message and error.code when present","duration":7.5807999999960884,"failureMessages":[],"meta":{}},{"ancestorTitles":["AbstractApiClient + EntityStore integration","handleError()"],"fullName":"AbstractApiClient + EntityStore integration handleError() should fallback to HttpErrorResponse.message when nested message absent","status":"passed","title":"should fallback to HttpErrorResponse.message when nested message absent","duration":3.875399999989895,"failureMessages":[],"meta":{}},{"ancestorTitles":["AbstractApiClient + EntityStore integration","handleError()"],"fullName":"AbstractApiClient + EntityStore integration handleError() should fallback to status code string when nested code absent","status":"passed","title":"should fallback to status code string when nested code absent","duration":33.390500000008615,"failureMessages":[],"meta":{}},{"ancestorTitles":["AbstractApiClient + EntityStore integration","handleError()"],"fullName":"AbstractApiClient + EntityStore integration handleError() should fallback to default message & UNKNOWN code when neither nested nor status available","status":"passed","title":"should fallback to default message & UNKNOWN code when neither nested nor status available","duration":3.9896000000007916,"failureMessages":[],"meta":{}}],"startTime":1769672297815,"endTime":1769672298332.9895,"status":"passed","message":"","name":"C:/Users/dverduin/Documents/Estudio/angular-scaffolding/src/app/core/api/abstract-api.service.spec.ts"},{"assertionResults":[{"ancestorTitles":["DeviceService"],"fullName":"DeviceService should default to desktop for large widths","status":"passed","title":"should default to desktop for large widths","duration":83.98360000000685,"failureMessages":[],"meta":{}},{"ancestorTitles":["DeviceService"],"fullName":"DeviceService should detect tablet breakpoint","status":"passed","title":"should detect tablet breakpoint","duration":4.565500000026077,"failureMessages":[],"meta":{}},{"ancestorTitles":["DeviceService"],"fullName":"DeviceService should detect mobile breakpoint and disable grids","status":"passed","title":"should detect mobile breakpoint and disable grids","duration":12.342199999984587,"failureMessages":[],"meta":{}},{"ancestorTitles":["DeviceService"],"fullName":"DeviceService should expose currentDevice getter consistent with deviceInfo()","status":"passed","title":"should expose currentDevice getter consistent with deviceInfo()","duration":28.005300000018906,"failureMessages":[],"meta":{}},{"ancestorTitles":["DeviceService"],"fullName":"DeviceService should update signals after a live resize event (desktop -> mobile)","status":"passed","title":"should update signals after a live resize event (desktop -> mobile)","duration":7.419800000003306,"failureMessages":[],"meta":{}},{"ancestorTitles":["DeviceService (SSR)"],"fullName":"DeviceService (SSR) should return desktop defaults on server to avoid hydration issues","status":"passed","title":"should return desktop defaults on server to avoid hydration issues","duration":9.244799999985844,"failureMessages":[],"meta":{}}],"startTime":1769672298576,"endTime":1769672298722.2449,"status":"passed","message":"","name":"C:/Users/dverduin/Documents/Estudio/angular-scaffolding/src/app/core/services/device.service.spec.ts"},{"assertionResults":[{"ancestorTitles":["GridLoaderService"],"fullName":"GridLoaderService should be created","status":"passed","title":"should be created","duration":121.15480000000389,"failureMessages":[],"meta":{}},{"ancestorTitles":["GridLoaderService","Theme Integration"],"fullName":"GridLoaderService Theme Integration should return correct theme class for light theme","status":"passed","title":"should return correct theme class for light theme","duration":15.3127000000095,"failureMessages":[],"meta":{}},{"ancestorTitles":["GridLoaderService","Theme Integration"],"fullName":"GridLoaderService Theme Integration should return correct theme class for dark theme","status":"passed","title":"should return correct theme class for dark theme","duration":18.17009999998845,"failureMessages":[],"meta":{}},{"ancestorTitles":["GridLoaderService","Theme Integration"],"fullName":"GridLoaderService Theme Integration should respond to theme changes","status":"passed","title":"should respond to theme changes","duration":20.71229999999923,"failureMessages":[],"meta":{}},{"ancestorTitles":["GridLoaderService","Theme Integration"],"fullName":"GridLoaderService Theme Integration should update injected theme CSS via effect when currentTheme signal changes","status":"passed","title":"should update injected theme CSS via effect when currentTheme signal changes","duration":327.60909999998694,"failureMessages":[],"meta":{}},{"ancestorTitles":["GridLoaderService","Load State Management"],"fullName":"GridLoaderService Load State Management should provide load state observable","status":"passed","title":"should provide load state observable","duration":46.60700000000361,"failureMessages":[],"meta":{}},{"ancestorTitles":["GridLoaderService","Load State Management"],"fullName":"GridLoaderService Load State Management should provide load state getters","status":"passed","title":"should provide load state getters","duration":5.611000000004424,"failureMessages":[],"meta":{}},{"ancestorTitles":["GridLoaderService","Device Integration"],"fullName":"GridLoaderService Device Integration should respect device capabilities for grid loading","status":"passed","title":"should respect device capabilities for grid loading","duration":77.15740000001097,"failureMessages":[],"meta":{}},{"ancestorTitles":["GridLoaderService","Device Integration"],"fullName":"GridLoaderService Device Integration should attempt to load grid on supported devices","status":"passed","title":"should attempt to load grid on supported devices","duration":20.023300000000745,"failureMessages":[],"meta":{}},{"ancestorTitles":["GridLoaderService","loadGridModule()"],"fullName":"GridLoaderService loadGridModule() should return null on server platform","status":"passed","title":"should return null on server platform","duration":67.70310000001336,"failureMessages":[],"meta":{}},{"ancestorTitles":["GridLoaderService","loadGridModule()"],"fullName":"GridLoaderService loadGridModule() should set loading state then resolve success and cache module","status":"passed","title":"should set loading state then resolve success and cache module","duration":10.762400000006892,"failureMessages":[],"meta":{}},{"ancestorTitles":["GridLoaderService","loadGridModule()"],"fullName":"GridLoaderService loadGridModule() should reuse same promise if load already in progress","status":"passed","title":"should reuse same promise if load already in progress","duration":29.801700000010896,"failureMessages":[],"meta":{}},{"ancestorTitles":["GridLoaderService","loadGridModule()"],"fullName":"GridLoaderService loadGridModule() should handle failure and expose error state","status":"passed","title":"should handle failure and expose error state","duration":21.687000000005355,"failureMessages":[],"meta":{}},{"ancestorTitles":["GridLoaderService","loadGridModule()"],"fullName":"GridLoaderService loadGridModule() should retry cleanly after a failure (clearing previous error & loading states)","status":"passed","title":"should retry cleanly after a failure (clearing previous error & loading states)","duration":34.40539999998873,"failureMessages":[],"meta":{}},{"ancestorTitles":["GridLoaderService","loadGridModule()"],"fullName":"GridLoaderService loadGridModule() should inject / replace theme style via updateGridThemeCSS","status":"passed","title":"should inject / replace theme style via updateGridThemeCSS","duration":42.984700000000885,"failureMessages":[],"meta":{}},{"ancestorTitles":["GridLoaderService","loadGridModule()"],"fullName":"GridLoaderService loadGridModule() should wrap dynamic import failures with friendly error (performLoad)","status":"passed","title":"should wrap dynamic import failures with friendly error (performLoad)","duration":19.67109999997774,"failureMessages":[],"meta":{}},{"ancestorTitles":["GridLoaderService","loadGridModule()"],"fullName":"GridLoaderService loadGridModule() should NOT mutate public loadState$ when performLoad fails directly (internal call only)","status":"passed","title":"should NOT mutate public loadState$ when performLoad fails directly (internal call only)","duration":4.866199999989476,"failureMessages":[],"meta":{}},{"ancestorTitles":["GridLoaderService","preload()"],"fullName":"GridLoaderService preload() should not invoke load when already loaded","status":"passed","title":"should not invoke load when already loaded","duration":4.091300000000047,"failureMessages":[],"meta":{}},{"ancestorTitles":["GridLoaderService","preload()"],"fullName":"GridLoaderService preload() should not invoke load when device unsupported","status":"passed","title":"should not invoke load when device unsupported","duration":15.8462999999756,"failureMessages":[],"meta":{}},{"ancestorTitles":["GridLoaderService","preload()"],"fullName":"GridLoaderService preload() should call loadGridModule under optimal conditions","status":"passed","title":"should call loadGridModule under optimal conditions","duration":10.412400000001071,"failureMessages":[],"meta":{}},{"ancestorTitles":["GridLoaderService","ResponsiveGridComponent Integration (a11y smoke)"],"fullName":"GridLoaderService ResponsiveGridComponent Integration (a11y smoke) should render loading state with accessible text then transition to mobile view","status":"passed","title":"should render loading state with accessible text then transition to mobile view","duration":510.85619999998016,"failureMessages":[],"meta":{}}],"startTime":1769672295147,"endTime":1769672296575.8562,"status":"passed","message":"","name":"C:/Users/dverduin/Documents/Estudio/angular-scaffolding/src/app/core/services/grid-loader.service.spec.ts"},{"assertionResults":[{"ancestorTitles":["ThemeService","Initialization"],"fullName":"ThemeService Initialization should be created","status":"passed","title":"should be created","duration":58.143599999995786,"failureMessages":[],"meta":{}},{"ancestorTitles":["ThemeService","Initialization"],"fullName":"ThemeService Initialization should initialize with system theme by default","status":"passed","title":"should initialize with system theme by default","duration":13.254999999990105,"failureMessages":[],"meta":{}},{"ancestorTitles":["ThemeService","Initialization"],"fullName":"ThemeService Initialization should read saved theme from localStorage","status":"passed","title":"should read saved theme from localStorage","duration":16.539100000009057,"failureMessages":[],"meta":{}},{"ancestorTitles":["ThemeService","Initialization"],"fullName":"ThemeService Initialization should handle invalid theme values from localStorage gracefully","status":"passed","title":"should handle invalid theme values from localStorage gracefully","duration":5.9011999999929685,"failureMessages":[],"meta":{}},{"ancestorTitles":["ThemeService","Initialization"],"fullName":"ThemeService Initialization should handle localStorage errors gracefully","status":"passed","title":"should handle localStorage errors gracefully","duration":19.45799999999872,"failureMessages":[],"meta":{}},{"ancestorTitles":["ThemeService","Theme Setting"],"fullName":"ThemeService Theme Setting should set light theme","status":"passed","title":"should set light theme","duration":15.666200000006938,"failureMessages":[],"meta":{}},{"ancestorTitles":["ThemeService","Theme Setting"],"fullName":"ThemeService Theme Setting should set dark theme","status":"passed","title":"should set dark theme","duration":9.208799999993062,"failureMessages":[],"meta":{}},{"ancestorTitles":["ThemeService","Theme Setting"],"fullName":"ThemeService Theme Setting should set system theme","status":"passed","title":"should set system theme","duration":7.228600000002189,"failureMessages":[],"meta":{}},{"ancestorTitles":["ThemeService","Theme Setting"],"fullName":"ThemeService Theme Setting should update isDarkMode when setting light theme","status":"passed","title":"should update isDarkMode when setting light theme","duration":8.108399999997346,"failureMessages":[],"meta":{}},{"ancestorTitles":["ThemeService","Theme Setting"],"fullName":"ThemeService Theme Setting should update isDarkMode when setting dark theme","status":"passed","title":"should update isDarkMode when setting dark theme","duration":10.338000000003376,"failureMessages":[],"meta":{}},{"ancestorTitles":["ThemeService","Theme Toggling"],"fullName":"ThemeService Theme Toggling should toggle from light to dark","status":"passed","title":"should toggle from light to dark","duration":4.569899999987683,"failureMessages":[],"meta":{}},{"ancestorTitles":["ThemeService","Theme Toggling"],"fullName":"ThemeService Theme Toggling should toggle from dark to light","status":"passed","title":"should toggle from dark to light","duration":7.447700000004261,"failureMessages":[],"meta":{}},{"ancestorTitles":["ThemeService","Theme Toggling"],"fullName":"ThemeService Theme Toggling should toggle from system to opposite of system preference","status":"passed","title":"should toggle from system to opposite of system preference","duration":6.775099999998929,"failureMessages":[],"meta":{}},{"ancestorTitles":["ThemeService","Theme Toggling"],"fullName":"ThemeService Theme Toggling should toggle from system to light when system prefers dark","status":"passed","title":"should toggle from system to light when system prefers dark","duration":13.483599999992293,"failureMessages":[],"meta":{}},{"ancestorTitles":["ThemeService","System Preference"],"fullName":"ThemeService System Preference should respect system preference when enabled","status":"passed","title":"should respect system preference when enabled","duration":4.8531999999977415,"failureMessages":[],"meta":{}},{"ancestorTitles":["ThemeService","System Preference"],"fullName":"ThemeService System Preference should ignore system preference when disabled","status":"passed","title":"should ignore system preference when disabled","duration":7.071299999995972,"failureMessages":[],"meta":{}},{"ancestorTitles":["ThemeService","System Preference"],"fullName":"ThemeService System Preference should update when system preference changes","status":"passed","title":"should update when system preference changes","duration":7.9461000000010245,"failureMessages":[],"meta":{}},{"ancestorTitles":["ThemeService","DOM Manipulation"],"fullName":"ThemeService DOM Manipulation should toggle dark-theme class when dark mode is enabled","status":"passed","title":"should toggle dark-theme class when dark mode is enabled","duration":12.96929999999702,"failureMessages":[],"meta":{}},{"ancestorTitles":["ThemeService","DOM Manipulation"],"fullName":"ThemeService DOM Manipulation should toggle light-theme class when light mode is enabled","status":"passed","title":"should toggle light-theme class when light mode is enabled","duration":25.4204000000027,"failureMessages":[],"meta":{}},{"ancestorTitles":["ThemeService","LocalStorage Persistence"],"fullName":"ThemeService LocalStorage Persistence should save theme to localStorage","status":"passed","title":"should save theme to localStorage","duration":361.2517999999982,"failureMessages":[],"meta":{}},{"ancestorTitles":["ThemeService","LocalStorage Persistence"],"fullName":"ThemeService LocalStorage Persistence should save auto-switch setting to localStorage","status":"passed","title":"should save auto-switch setting to localStorage","duration":370.2914999999921,"failureMessages":[],"meta":{}},{"ancestorTitles":["ThemeService","LocalStorage Persistence"],"fullName":"ThemeService LocalStorage Persistence should save use-system-preference setting to localStorage","status":"passed","title":"should save use-system-preference setting to localStorage","duration":383.09730000000854,"failureMessages":[],"meta":{}},{"ancestorTitles":["ThemeService","LocalStorage Persistence"],"fullName":"ThemeService LocalStorage Persistence should handle localStorage errors gracefully","status":"passed","title":"should handle localStorage errors gracefully","duration":8.583600000012666,"failureMessages":[],"meta":{}},{"ancestorTitles":["ThemeService","Theme Configuration"],"fullName":"ThemeService Theme Configuration should return current theme configuration","status":"passed","title":"should return current theme configuration","duration":10.409899999998743,"failureMessages":[],"meta":{}},{"ancestorTitles":["ThemeService","Theme Configuration"],"fullName":"ThemeService Theme Configuration should apply theme configuration","status":"passed","title":"should apply theme configuration","duration":15.662400000001071,"failureMessages":[],"meta":{}},{"ancestorTitles":["ThemeService","Theme Configuration"],"fullName":"ThemeService Theme Configuration should reset to defaults","status":"passed","title":"should reset to defaults","duration":11.143499999976484,"failureMessages":[],"meta":{}},{"ancestorTitles":["ThemeService","Auto Switch"],"fullName":"ThemeService Auto Switch should enable auto-switch","status":"passed","title":"should enable auto-switch","duration":47.84770000001299,"failureMessages":[],"meta":{}},{"ancestorTitles":["ThemeService","Auto Switch"],"fullName":"ThemeService Auto Switch should disable auto-switch","status":"passed","title":"should disable auto-switch","duration":5.99210000000312,"failureMessages":[],"meta":{}},{"ancestorTitles":["ThemeService","Utility Methods"],"fullName":"ThemeService Utility Methods should return correct display names","status":"passed","title":"should return correct display names","duration":10.5853000000061,"failureMessages":[],"meta":{}},{"ancestorTitles":["ThemeService","Utility Methods"],"fullName":"ThemeService Utility Methods should return correct theme icons","status":"passed","title":"should return correct theme icons","duration":7.816800000000512,"failureMessages":[],"meta":{}},{"ancestorTitles":["ThemeService","Utility Methods"],"fullName":"ThemeService Utility Methods should use current theme when no parameter provided","status":"passed","title":"should use current theme when no parameter provided","duration":33.73120000000927,"failureMessages":[],"meta":{}},{"ancestorTitles":["ThemeService","Variant & Pair Toggling"],"fullName":"ThemeService Variant & Pair Toggling should toggle light2 -> dark2 and dark2 -> light2","status":"passed","title":"should toggle light2 -> dark2 and dark2 -> light2","duration":14.504599999985658,"failureMessages":[],"meta":{}},{"ancestorTitles":["ThemeService","Variant & Pair Toggling"],"fullName":"ThemeService Variant & Pair Toggling should toggle custom theme to light (fallback branch)","status":"passed","title":"should toggle custom theme to light (fallback branch)","duration":39.42720000000554,"failureMessages":[],"meta":{}},{"ancestorTitles":["ThemeService","Variant & Pair Toggling"],"fullName":"ThemeService Variant & Pair Toggling should toggle theme pair across all built-ins","status":"passed","title":"should toggle theme pair across all built-ins","duration":22.88310000000638,"failureMessages":[],"meta":{}},{"ancestorTitles":["ThemeService","Variant & Pair Toggling"],"fullName":"ThemeService Variant & Pair Toggling should toggle theme pair for system respecting media query (dark preferred)","status":"passed","title":"should toggle theme pair for system respecting media query (dark preferred)","duration":8.354500000015832,"failureMessages":[],"meta":{}},{"ancestorTitles":["ThemeService","Variant & Pair Toggling"],"fullName":"ThemeService Variant & Pair Toggling should toggle theme pair for system when light preferred","status":"passed","title":"should toggle theme pair for system when light preferred","duration":27.899299999990035,"failureMessages":[],"meta":{}},{"ancestorTitles":["ThemeService","Variant & Pair Toggling"],"fullName":"ThemeService Variant & Pair Toggling should toggle theme pair for custom theme to light2","status":"passed","title":"should toggle theme pair for custom theme to light2","duration":14.732799999997951,"failureMessages":[],"meta":{}},{"ancestorTitles":["ThemeService","Variant & Pair Toggling"],"fullName":"ThemeService Variant & Pair Toggling should compute theme pair correctly","status":"passed","title":"should compute theme pair correctly","duration":8.5795999999973,"failureMessages":[],"meta":{}},{"ancestorTitles":["ThemeService","High Contrast & Custom Themes"],"fullName":"ThemeService High Contrast & Custom Themes should set and toggle high contrast","status":"passed","title":"should set and toggle high contrast","duration":24.39959999997518,"failureMessages":[],"meta":{}},{"ancestorTitles":["ThemeService","High Contrast & Custom Themes"],"fullName":"ThemeService High Contrast & Custom Themes should register, update, and list custom theme and detect dark mode naming","status":"passed","title":"should register, update, and list custom theme and detect dark mode naming","duration":15.538400000019465,"failureMessages":[],"meta":{}},{"ancestorTitles":["ThemeService","High Contrast & Custom Themes"],"fullName":"ThemeService High Contrast & Custom Themes should unregister custom theme and fallback to system when removing current theme","status":"passed","title":"should unregister custom theme and fallback to system when removing current theme","duration":24.464500000001863,"failureMessages":[],"meta":{}},{"ancestorTitles":["ThemeService","High Contrast & Custom Themes"],"fullName":"ThemeService High Contrast & Custom Themes should apply config with customThemes and highContrast","status":"passed","title":"should apply config with customThemes and highContrast","duration":375.0775999999896,"failureMessages":[],"meta":{}},{"ancestorTitles":["ThemeService","Auto Switch Time-Based Logic"],"fullName":"ThemeService Auto Switch Time-Based Logic should set light theme during day when autoSwitch enabled","status":"passed","title":"should set light theme during day when autoSwitch enabled","duration":69.36230000000796,"failureMessages":[],"meta":{}},{"ancestorTitles":["ThemeService","Auto Switch Time-Based Logic"],"fullName":"ThemeService Auto Switch Time-Based Logic should set dark theme at night when autoSwitch enabled","status":"passed","title":"should set dark theme at night when autoSwitch enabled","duration":11.272299999982351,"failureMessages":[],"meta":{}}],"startTime":1769672294612,"endTime":1769672296795.2722,"status":"passed","message":"","name":"C:/Users/dverduin/Documents/Estudio/angular-scaffolding/src/app/core/services/theme.service.spec.ts"},{"assertionResults":[{"ancestorTitles":["ThemeService - SSR Safety","Browser Context"],"fullName":"ThemeService - SSR Safety Browser Context should create service in browser","status":"passed","title":"should create service in browser","duration":71.91169999999693,"failureMessages":[],"meta":{}},{"ancestorTitles":["ThemeService - SSR Safety","Browser Context"],"fullName":"ThemeService - SSR Safety Browser Context should access matchMedia in browser context","status":"passed","title":"should access matchMedia in browser context","duration":7.790399999998044,"failureMessages":[],"meta":{}},{"ancestorTitles":["ThemeService - SSR Safety","Browser Context"],"fullName":"ThemeService - SSR Safety Browser Context should apply theme classes to document in browser","status":"passed","title":"should apply theme classes to document in browser","duration":34.22200000000885,"failureMessages":[],"meta":{}},{"ancestorTitles":["ThemeService - SSR Safety","Browser Context"],"fullName":"ThemeService - SSR Safety Browser Context should save theme to localStorage in browser","status":"passed","title":"should save theme to localStorage in browser","duration":494.29349999999977,"failureMessages":[],"meta":{}},{"ancestorTitles":["ThemeService - SSR Safety","Browser Context"],"fullName":"ThemeService - SSR Safety Browser Context should load theme from localStorage in browser","status":"passed","title":"should load theme from localStorage in browser","duration":14.143000000010943,"failureMessages":[],"meta":{}},{"ancestorTitles":["ThemeService - SSR Safety","Browser Context"],"fullName":"ThemeService - SSR Safety Browser Context should detect system color scheme preference","status":"passed","title":"should detect system color scheme preference","duration":5.336100000000442,"failureMessages":[],"meta":{}},{"ancestorTitles":["ThemeService - SSR Safety","Browser Context"],"fullName":"ThemeService - SSR Safety Browser Context should handle high contrast preference in browser","status":"passed","title":"should handle high contrast preference in browser","duration":11.331899999990128,"failureMessages":[],"meta":{}}],"startTime":1769672283202,"endTime":1769672283841.3318,"status":"passed","message":"","name":"C:/Users/dverduin/Documents/Estudio/angular-scaffolding/src/app/core/services/theme.service.ssr.spec.ts"},{"assertionResults":[{"ancestorTitles":["TranslationService"],"fullName":"TranslationService should initialize with default language","status":"passed","title":"should initialize with default language","duration":152.92199999999139,"failureMessages":[],"meta":{}},{"ancestorTitles":["TranslationService"],"fullName":"TranslationService should change language","status":"passed","title":"should change language","duration":20.816599999991013,"failureMessages":[],"meta":{}}],"startTime":1769672299978,"endTime":1769672300151.8167,"status":"passed","message":"","name":"C:/Users/dverduin/Documents/Estudio/angular-scaffolding/src/app/core/services/translation.service.spec.ts"},{"assertionResults":[{"ancestorTitles":["WINDOW_DOCUMENT Token","browser environment"],"fullName":"WINDOW_DOCUMENT Token browser environment should provide the document object in browser environment","status":"passed","title":"should provide the document object in browser environment","duration":49.110000000015134,"failureMessages":[],"meta":{}},{"ancestorTitles":["WINDOW_DOCUMENT Token","browser environment"],"fullName":"WINDOW_DOCUMENT Token browser environment should provide document with browser-specific methods","status":"passed","title":"should provide document with browser-specific methods","duration":11.80240000001504,"failureMessages":[],"meta":{}},{"ancestorTitles":["WINDOW_DOCUMENT Token","server environment"],"fullName":"WINDOW_DOCUMENT Token server environment should provide the document object in server environment","status":"passed","title":"should provide the document object in server environment","duration":4.858299999992596,"failureMessages":[],"meta":{}},{"ancestorTitles":["WINDOW_DOCUMENT Token","server environment"],"fullName":"WINDOW_DOCUMENT Token server environment should handle server-side document gracefully","status":"passed","title":"should handle server-side document gracefully","duration":4.803299999999581,"failureMessages":[],"meta":{}},{"ancestorTitles":["WINDOW_DOCUMENT Token","token configuration"],"fullName":"WINDOW_DOCUMENT Token token configuration should be provided in root","status":"passed","title":"should be provided in root","duration":11.437100000010105,"failureMessages":[],"meta":{}},{"ancestorTitles":["WINDOW_DOCUMENT Token","token configuration"],"fullName":"WINDOW_DOCUMENT Token token configuration should have correct token description","status":"passed","title":"should have correct token description","duration":1.1582000000053085,"failureMessages":[],"meta":{}}],"startTime":1769672303432,"endTime":1769672303517.1582,"status":"passed","message":"","name":"C:/Users/dverduin/Documents/Estudio/angular-scaffolding/src/app/core/tokens/document.token.spec.ts"},{"assertionResults":[{"ancestorTitles":["LOCAL_STORAGE Token","browser environment"],"fullName":"LOCAL_STORAGE Token browser environment should provide localStorage functionality in browser","status":"passed","title":"should provide localStorage functionality in browser","duration":60.29679999999644,"failureMessages":[],"meta":{}},{"ancestorTitles":["LOCAL_STORAGE Token","browser environment"],"fullName":"LOCAL_STORAGE Token browser environment should call localStorage.getItem when getItem is called","status":"passed","title":"should call localStorage.getItem when getItem is called","duration":32.42160000000149,"failureMessages":[],"meta":{}},{"ancestorTitles":["LOCAL_STORAGE Token","browser environment"],"fullName":"LOCAL_STORAGE Token browser environment should call localStorage.setItem when setItem is called","status":"passed","title":"should call localStorage.setItem when setItem is called","duration":42.763000000006286,"failureMessages":[],"meta":{}},{"ancestorTitles":["LOCAL_STORAGE Token","browser environment"],"fullName":"LOCAL_STORAGE Token browser environment should call localStorage.removeItem when removeItem is called","status":"passed","title":"should call localStorage.removeItem when removeItem is called","duration":20.196200000005774,"failureMessages":[],"meta":{}},{"ancestorTitles":["LOCAL_STORAGE Token","browser environment"],"fullName":"LOCAL_STORAGE Token browser environment should call localStorage.clear when clear is called","status":"passed","title":"should call localStorage.clear when clear is called","duration":6.019999999989523,"failureMessages":[],"meta":{}},{"ancestorTitles":["LOCAL_STORAGE Token","browser environment"],"fullName":"LOCAL_STORAGE Token browser environment should return null when localStorage.getItem returns null","status":"passed","title":"should return null when localStorage.getItem returns null","duration":15.743899999986752,"failureMessages":[],"meta":{}},{"ancestorTitles":["LOCAL_STORAGE Token","server environment"],"fullName":"LOCAL_STORAGE Token server environment should provide no-op storage functionality in server environment","status":"passed","title":"should provide no-op storage functionality in server environment","duration":12.58399999998801,"failureMessages":[],"meta":{}},{"ancestorTitles":["LOCAL_STORAGE Token","server environment"],"fullName":"LOCAL_STORAGE Token server environment should return null for getItem in server environment","status":"passed","title":"should return null for getItem in server environment","duration":19.5057000000088,"failureMessages":[],"meta":{}},{"ancestorTitles":["LOCAL_STORAGE Token","server environment"],"fullName":"LOCAL_STORAGE Token server environment should handle setItem gracefully in server environment","status":"passed","title":"should handle setItem gracefully in server environment","duration":15.43760000000475,"failureMessages":[],"meta":{}},{"ancestorTitles":["LOCAL_STORAGE Token","server environment"],"fullName":"LOCAL_STORAGE Token server environment should handle removeItem gracefully in server environment","status":"passed","title":"should handle removeItem gracefully in server environment","duration":14.956100000010338,"failureMessages":[],"meta":{}},{"ancestorTitles":["LOCAL_STORAGE Token","server environment"],"fullName":"LOCAL_STORAGE Token server environment should handle clear gracefully in server environment","status":"passed","title":"should handle clear gracefully in server environment","duration":11.829100000002654,"failureMessages":[],"meta":{}},{"ancestorTitles":["LOCAL_STORAGE Token","token configuration"],"fullName":"LOCAL_STORAGE Token token configuration should have correct token description","status":"passed","title":"should have correct token description","duration":1.118400000006659,"failureMessages":[],"meta":{}},{"ancestorTitles":["LOCAL_STORAGE Token","token configuration"],"fullName":"LOCAL_STORAGE Token token configuration should provide the service without throwing","status":"passed","title":"should provide the service without throwing","duration":6.507500000006985,"failureMessages":[],"meta":{}},{"ancestorTitles":["LOCAL_STORAGE Token","StorageService interface"],"fullName":"LOCAL_STORAGE Token StorageService interface should implement all required methods","status":"passed","title":"should implement all required methods","duration":12.488300000011805,"failureMessages":[],"meta":{}}],"startTime":1769672295196,"endTime":1769672295470.4883,"status":"passed","message":"","name":"C:/Users/dverduin/Documents/Estudio/angular-scaffolding/src/app/core/tokens/local.storage.token.spec.ts"},{"assertionResults":[{"ancestorTitles":["ThemeUtils","getThemeDisplayName"],"fullName":"ThemeUtils getThemeDisplayName should return \"Light\" for light theme","status":"passed","title":"should return \"Light\" for light theme","duration":6.168700000009267,"failureMessages":[],"meta":{}},{"ancestorTitles":["ThemeUtils","getThemeDisplayName"],"fullName":"ThemeUtils getThemeDisplayName should return \"Dark\" for dark theme","status":"passed","title":"should return \"Dark\" for dark theme","duration":0.6811999999918044,"failureMessages":[],"meta":{}},{"ancestorTitles":["ThemeUtils","getThemeDisplayName"],"fullName":"ThemeUtils getThemeDisplayName should return \"System\" for system theme","status":"passed","title":"should return \"System\" for system theme","duration":0.6025000000081491,"failureMessages":[],"meta":{}},{"ancestorTitles":["ThemeUtils","getThemeDisplayName"],"fullName":"ThemeUtils getThemeDisplayName should return the theme name itself for custom themes","status":"passed","title":"should return the theme name itself for custom themes","duration":0.4236000000091735,"failureMessages":[],"meta":{}},{"ancestorTitles":["ThemeUtils","getThemeDisplayName"],"fullName":"ThemeUtils getThemeDisplayName should handle empty string","status":"passed","title":"should handle empty string","duration":0.41120000000228174,"failureMessages":[],"meta":{}},{"ancestorTitles":["ThemeUtils","getThemeDisplayName"],"fullName":"ThemeUtils getThemeDisplayName should handle undefined theme gracefully","status":"passed","title":"should handle undefined theme gracefully","duration":0.2960000000020955,"failureMessages":[],"meta":{}},{"ancestorTitles":["ThemeUtils","getThemeIcon"],"fullName":"ThemeUtils getThemeIcon should return sun icon for light theme","status":"passed","title":"should return sun icon for light theme","duration":0.38010000000940636,"failureMessages":[],"meta":{}},{"ancestorTitles":["ThemeUtils","getThemeIcon"],"fullName":"ThemeUtils getThemeIcon should return moon icon for dark theme","status":"passed","title":"should return moon icon for dark theme","duration":0.276800000021467,"failureMessages":[],"meta":{}},{"ancestorTitles":["ThemeUtils","getThemeIcon"],"fullName":"ThemeUtils getThemeIcon should return computer icon for system theme","status":"passed","title":"should return computer icon for system theme","duration":0.3072999999858439,"failureMessages":[],"meta":{}},{"ancestorTitles":["ThemeUtils","getThemeIcon"],"fullName":"ThemeUtils getThemeIcon should return default icon for custom themes","status":"passed","title":"should return default icon for custom themes","duration":0.4101999999838881,"failureMessages":[],"meta":{}},{"ancestorTitles":["ThemeUtils","getThemeIcon"],"fullName":"ThemeUtils getThemeIcon should return default icon for unknown themes","status":"passed","title":"should return default icon for unknown themes","duration":0.29369999998016283,"failureMessages":[],"meta":{}},{"ancestorTitles":["ThemeUtils","getThemeIcon"],"fullName":"ThemeUtils getThemeIcon should handle empty string","status":"passed","title":"should handle empty string","duration":0.22099999999045394,"failureMessages":[],"meta":{}},{"ancestorTitles":["ThemeUtils","getThemeIcon"],"fullName":"ThemeUtils getThemeIcon should handle undefined theme gracefully","status":"passed","title":"should handle undefined theme gracefully","duration":0.23840000000200234,"failureMessages":[],"meta":{}},{"ancestorTitles":["ThemeUtils","static class behavior"],"fullName":"ThemeUtils static class behavior should be a static class with static methods only","status":"passed","title":"should be a static class with static methods only","duration":1.940100000007078,"failureMessages":[],"meta":{}},{"ancestorTitles":["ThemeUtils","static class behavior"],"fullName":"ThemeUtils static class behavior should not require instantiation","status":"passed","title":"should not require instantiation","duration":0.38459999999031425,"failureMessages":[],"meta":{}},{"ancestorTitles":["ThemeUtils","consistency between methods"],"fullName":"ThemeUtils consistency between methods should handle all built-in themes consistently","status":"passed","title":"should handle all built-in themes consistently","duration":0.7946999999985565,"failureMessages":[],"meta":{}},{"ancestorTitles":["ThemeUtils","consistency between methods"],"fullName":"ThemeUtils consistency between methods should handle custom themes consistently","status":"passed","title":"should handle custom themes consistently","duration":0.5129000000015367,"failureMessages":[],"meta":{}},{"ancestorTitles":["ThemeUtils","theme mapping correctness"],"fullName":"ThemeUtils theme mapping correctness should have correct display names for built-in themes","status":"passed","title":"should have correct display names for built-in themes","duration":0.373699999996461,"failureMessages":[],"meta":{}},{"ancestorTitles":["ThemeUtils","theme mapping correctness"],"fullName":"ThemeUtils theme mapping correctness should have correct icons for built-in themes","status":"passed","title":"should have correct icons for built-in themes","duration":0.3060999999870546,"failureMessages":[],"meta":{}},{"ancestorTitles":["ThemeUtils","edge cases"],"fullName":"ThemeUtils edge cases should handle case sensitivity","status":"passed","title":"should handle case sensitivity","duration":0.3145000000076834,"failureMessages":[],"meta":{}},{"ancestorTitles":["ThemeUtils","edge cases"],"fullName":"ThemeUtils edge cases should handle special characters in theme names","status":"passed","title":"should handle special characters in theme names","duration":0.36610000001383014,"failureMessages":[],"meta":{}},{"ancestorTitles":["ThemeUtils","edge cases"],"fullName":"ThemeUtils edge cases should handle numeric theme names","status":"passed","title":"should handle numeric theme names","duration":0.36719999997876585,"failureMessages":[],"meta":{}}],"startTime":1769672302353,"endTime":1769672302371.3672,"status":"passed","message":"","name":"C:/Users/dverduin/Documents/Estudio/angular-scaffolding/src/app/core/utils/theme.utils.spec.ts"},{"assertionResults":[{"ancestorTitles":["DashboardComponent"],"fullName":"DashboardComponent should create","status":"passed","title":"should create","duration":343.277700000006,"failureMessages":[],"meta":{}},{"ancestorTitles":["DashboardComponent"],"fullName":"DashboardComponent should display the title","status":"passed","title":"should display the title","duration":98.28869999999006,"failureMessages":[],"meta":{}},{"ancestorTitles":["DashboardComponent"],"fullName":"DashboardComponent should display the description","status":"passed","title":"should display the description","duration":70.76959999999963,"failureMessages":[],"meta":{}},{"ancestorTitles":["DashboardComponent"],"fullName":"DashboardComponent should display all dashboard stats","status":"passed","title":"should display all dashboard stats","duration":41.09849999999278,"failureMessages":[],"meta":{}},{"ancestorTitles":["DashboardComponent"],"fullName":"DashboardComponent should display correct stat values and labels","status":"passed","title":"should display correct stat values and labels","duration":121.39689999999246,"failureMessages":[],"meta":{}},{"ancestorTitles":["DashboardComponent"],"fullName":"DashboardComponent should have proper dashboard structure","status":"passed","title":"should have proper dashboard structure","duration":22.0682000000088,"failureMessages":[],"meta":{}},{"ancestorTitles":["DashboardComponent"],"fullName":"DashboardComponent should have correct CSS classes applied","status":"passed","title":"should have correct CSS classes applied","duration":30.20800000001327,"failureMessages":[],"meta":{}},{"ancestorTitles":["DashboardComponent"],"fullName":"DashboardComponent should render stats in the correct order","status":"passed","title":"should render stats in the correct order","duration":21.92609999999695,"failureMessages":[],"meta":{}},{"ancestorTitles":["DashboardComponent"],"fullName":"DashboardComponent should use signals for reactive data","status":"passed","title":"should use signals for reactive data","duration":14.622499999997672,"failureMessages":[],"meta":{}},{"ancestorTitles":["DashboardComponent"],"fullName":"DashboardComponent should be a presentation component without user interactions","status":"passed","title":"should be a presentation component without user interactions","duration":36.70100000000093,"failureMessages":[],"meta":{}},{"ancestorTitles":["DashboardComponent"],"fullName":"DashboardComponent should have semantic HTML structure","status":"passed","title":"should have semantic HTML structure","duration":40.040299999993294,"failureMessages":[],"meta":{}}],"startTime":1769672290449,"endTime":1769672291291.0403,"status":"passed","message":"","name":"C:/Users/dverduin/Documents/Estudio/angular-scaffolding/src/app/features/dashboard/dashboard.component.spec.ts"},{"assertionResults":[{"ancestorTitles":["MiniCurrencyPipe","transform"],"fullName":"MiniCurrencyPipe transform should create an instance","status":"passed","title":"should create an instance","duration":6.184700000012526,"failureMessages":[],"meta":{}},{"ancestorTitles":["MiniCurrencyPipe","transform"],"fullName":"MiniCurrencyPipe transform should format a valid number with default parameters","status":"passed","title":"should format a valid number with default parameters","duration":1.8022000000055414,"failureMessages":[],"meta":{}},{"ancestorTitles":["MiniCurrencyPipe","transform"],"fullName":"MiniCurrencyPipe transform should format a valid number with custom currency symbol","status":"passed","title":"should format a valid number with custom currency symbol","duration":0.916800000006333,"failureMessages":[],"meta":{}},{"ancestorTitles":["MiniCurrencyPipe","transform"],"fullName":"MiniCurrencyPipe transform should format a valid number with custom fraction digits","status":"passed","title":"should format a valid number with custom fraction digits","duration":0.6814999999769498,"failureMessages":[],"meta":{}},{"ancestorTitles":["MiniCurrencyPipe","transform"],"fullName":"MiniCurrencyPipe transform should format a valid number with custom currency symbol and fraction digits","status":"passed","title":"should format a valid number with custom currency symbol and fraction digits","duration":0.599499999982072,"failureMessages":[],"meta":{}},{"ancestorTitles":["MiniCurrencyPipe","transform"],"fullName":"MiniCurrencyPipe transform should format zero correctly","status":"passed","title":"should format zero correctly","duration":0.47969999999622814,"failureMessages":[],"meta":{}},{"ancestorTitles":["MiniCurrencyPipe","transform"],"fullName":"MiniCurrencyPipe transform should format negative numbers correctly","status":"passed","title":"should format negative numbers correctly","duration":0.3740000000107102,"failureMessages":[],"meta":{}},{"ancestorTitles":["MiniCurrencyPipe","transform"],"fullName":"MiniCurrencyPipe transform should format very small numbers correctly","status":"passed","title":"should format very small numbers correctly","duration":0.35740000000805594,"failureMessages":[],"meta":{}},{"ancestorTitles":["MiniCurrencyPipe","transform"],"fullName":"MiniCurrencyPipe transform should format large numbers correctly","status":"passed","title":"should format large numbers correctly","duration":0.438800000003539,"failureMessages":[],"meta":{}},{"ancestorTitles":["MiniCurrencyPipe","transform"],"fullName":"MiniCurrencyPipe transform should parse and format a valid numeric string","status":"passed","title":"should parse and format a valid numeric string","duration":0.6015000000188593,"failureMessages":[],"meta":{}},{"ancestorTitles":["MiniCurrencyPipe","transform"],"fullName":"MiniCurrencyPipe transform should parse and format a valid numeric string with decimals","status":"passed","title":"should parse and format a valid numeric string with decimals","duration":0.35769999999320135,"failureMessages":[],"meta":{}},{"ancestorTitles":["MiniCurrencyPipe","transform"],"fullName":"MiniCurrencyPipe transform should parse and format a negative numeric string","status":"passed","title":"should parse and format a negative numeric string","duration":0.33500000002095476,"failureMessages":[],"meta":{}},{"ancestorTitles":["MiniCurrencyPipe","transform"],"fullName":"MiniCurrencyPipe transform should handle numeric string with custom currency","status":"passed","title":"should handle numeric string with custom currency","duration":0.327499999984866,"failureMessages":[],"meta":{}},{"ancestorTitles":["MiniCurrencyPipe","transform"],"fullName":"MiniCurrencyPipe transform should return default value for invalid string","status":"passed","title":"should return default value for invalid string","duration":0.28599999999278225,"failureMessages":[],"meta":{}},{"ancestorTitles":["MiniCurrencyPipe","transform"],"fullName":"MiniCurrencyPipe transform should return default value for null","status":"passed","title":"should return default value for null","duration":0.34130000000004657,"failureMessages":[],"meta":{}},{"ancestorTitles":["MiniCurrencyPipe","transform"],"fullName":"MiniCurrencyPipe transform should return default value for undefined","status":"passed","title":"should return default value for undefined","duration":0.2727000000013504,"failureMessages":[],"meta":{}},{"ancestorTitles":["MiniCurrencyPipe","transform"],"fullName":"MiniCurrencyPipe transform should return default value for empty string","status":"passed","title":"should return default value for empty string","duration":0.3396999999822583,"failureMessages":[],"meta":{}},{"ancestorTitles":["MiniCurrencyPipe","transform"],"fullName":"MiniCurrencyPipe transform should return default value with custom currency for invalid input","status":"passed","title":"should return default value with custom currency for invalid input","duration":0.3717999999935273,"failureMessages":[],"meta":{}},{"ancestorTitles":["MiniCurrencyPipe","transform"],"fullName":"MiniCurrencyPipe transform should return default value with custom fraction digits for invalid input","status":"passed","title":"should return default value with custom fraction digits for invalid input","duration":0.270699999993667,"failureMessages":[],"meta":{}},{"ancestorTitles":["MiniCurrencyPipe","transform"],"fullName":"MiniCurrencyPipe transform should handle NaN correctly","status":"passed","title":"should handle NaN correctly","duration":0.4183999999950174,"failureMessages":[],"meta":{}},{"ancestorTitles":["MiniCurrencyPipe","transform"],"fullName":"MiniCurrencyPipe transform should handle objects correctly","status":"passed","title":"should handle objects correctly","duration":0.9139000000141095,"failureMessages":[],"meta":{}},{"ancestorTitles":["MiniCurrencyPipe","transform"],"fullName":"MiniCurrencyPipe transform should handle arrays correctly","status":"passed","title":"should handle arrays correctly","duration":0.568200000008801,"failureMessages":[],"meta":{}},{"ancestorTitles":["MiniCurrencyPipe","transform"],"fullName":"MiniCurrencyPipe transform should handle boolean values correctly","status":"passed","title":"should handle boolean values correctly","duration":0.5310999999928754,"failureMessages":[],"meta":{}},{"ancestorTitles":["MiniCurrencyPipe","transform"],"fullName":"MiniCurrencyPipe transform should format with zero fraction digits","status":"passed","title":"should format with zero fraction digits","duration":0.36520000000018626,"failureMessages":[],"meta":{}},{"ancestorTitles":["MiniCurrencyPipe","transform"],"fullName":"MiniCurrencyPipe transform should format with high fraction digits","status":"passed","title":"should format with high fraction digits","duration":0.2963000000163447,"failureMessages":[],"meta":{}}],"startTime":1769672303621,"endTime":1769672303640.3652,"status":"passed","message":"","name":"C:/Users/dverduin/Documents/Estudio/angular-scaffolding/src/app/shared/pipes/mini-currency.pipe.spec.ts"},{"assertionResults":[{"ancestorTitles":["ButtonDirective"],"fullName":"ButtonDirective applies base and variant classes","status":"passed","title":"applies base and variant classes","duration":686.5825000000041,"failureMessages":[],"meta":{}},{"ancestorTitles":["ButtonDirective"],"fullName":"ButtonDirective applies size + variant for secondary small","status":"passed","title":"applies size + variant for secondary small","duration":111.3530000000028,"failureMessages":[],"meta":{}},{"ancestorTitles":["ButtonDirective"],"fullName":"ButtonDirective works on anchor elements","status":"passed","title":"works on anchor elements","duration":17.379400000005262,"failureMessages":[],"meta":{}},{"ancestorTitles":["ButtonDirective"],"fullName":"ButtonDirective applies alias classes for variants","status":"passed","title":"applies alias classes for variants","duration":62.08100000000559,"failureMessages":[],"meta":{}},{"ancestorTitles":["ButtonDirective"],"fullName":"ButtonDirective applies alias classes for sizes","status":"passed","title":"applies alias classes for sizes","duration":175.71339999999327,"failureMessages":[],"meta":{}},{"ancestorTitles":["ButtonDirective"],"fullName":"ButtonDirective removes previous variant classes when variant changes","status":"passed","title":"removes previous variant classes when variant changes","duration":80.12179999999353,"failureMessages":[],"meta":{}},{"ancestorTitles":["ButtonDirective"],"fullName":"ButtonDirective removes previous size classes when size changes","status":"passed","title":"removes previous size classes when size changes","duration":88.10390000000189,"failureMessages":[],"meta":{}},{"ancestorTitles":["ButtonDirective"],"fullName":"ButtonDirective removes both variant and size classes when both change simultaneously","status":"passed","title":"removes both variant and size classes when both change simultaneously","duration":89.4658000000054,"failureMessages":[],"meta":{}},{"ancestorTitles":["ButtonDirective"],"fullName":"ButtonDirective maintains base btn class through all changes","status":"passed","title":"maintains base btn class through all changes","duration":76.12690000000293,"failureMessages":[],"meta":{}}],"startTime":1769672288552,"endTime":1769672289939.127,"status":"passed","message":"","name":"C:/Users/dverduin/Documents/Estudio/angular-scaffolding/src/app/shared/directives/button.directive.spec.ts"},{"assertionResults":[{"ancestorTitles":["Functional Composition API (createApiStore + composables)","createApiStore()"],"fullName":"Functional Composition API (createApiStore + composables) createApiStore() should initialize with empty state & derived flags","status":"passed","title":"should initialize with empty state & derived flags","duration":30.545899999997346,"failureMessages":[],"meta":{}},{"ancestorTitles":["Functional Composition API (createApiStore + composables)","createApiStore()"],"fullName":"Functional Composition API (createApiStore + composables) createApiStore() should mutate items and update lastUpdated via set/add/update/remove/clear","status":"passed","title":"should mutate items and update lastUpdated via set/add/update/remove/clear","duration":7.847000000008848,"failureMessages":[],"meta":{}},{"ancestorTitles":["Functional Composition API (createApiStore + composables)","createApiStore()"],"fullName":"Functional Composition API (createApiStore + composables) createApiStore() should set & clear errors","status":"passed","title":"should set & clear errors","duration":29.797200000000885,"failureMessages":[],"meta":{}},{"ancestorTitles":["Functional Composition API (createApiStore + composables)","Composable CRUD functions"],"fullName":"Functional Composition API (createApiStore + composables) Composable CRUD functions getAll should fetch items and update store","status":"passed","title":"getAll should fetch items and update store","duration":28.57510000000184,"failureMessages":[],"meta":{}},{"ancestorTitles":["Functional Composition API (createApiStore + composables)","Composable CRUD functions"],"fullName":"Functional Composition API (createApiStore + composables) Composable CRUD functions getById should map ApiResponse and update selected item","status":"passed","title":"getById should map ApiResponse and update selected item","duration":8.089999999996508,"failureMessages":[],"meta":{}},{"ancestorTitles":["Functional Composition API (createApiStore + composables)","Composable CRUD functions"],"fullName":"Functional Composition API (createApiStore + composables) Composable CRUD functions create should post and append","status":"passed","title":"create should post and append","duration":30.50689999999304,"failureMessages":[],"meta":{}},{"ancestorTitles":["Functional Composition API (createApiStore + composables)","Composable CRUD functions"],"fullName":"Functional Composition API (createApiStore + composables) Composable CRUD functions update should put and replace item","status":"passed","title":"update should put and replace item","duration":15.398400000005495,"failureMessages":[],"meta":{}},{"ancestorTitles":["Functional Composition API (createApiStore + composables)","Composable CRUD functions"],"fullName":"Functional Composition API (createApiStore + composables) Composable CRUD functions delete should remove item","status":"passed","title":"delete should remove item","duration":19.7670999999973,"failureMessages":[],"meta":{}},{"ancestorTitles":["Functional Composition API (createApiStore + composables)","Composable CRUD functions"],"fullName":"Functional Composition API (createApiStore + composables) Composable CRUD functions error handler should set store.error with fallbacks","status":"passed","title":"error handler should set store.error with fallbacks","duration":12.6533999999956,"failureMessages":[],"meta":{}},{"ancestorTitles":["Functional Composition API (createApiStore + composables)","createApiService integration"],"fullName":"Functional Composition API (createApiStore + composables) createApiService integration should perform full CRUD flow with signals","status":"passed","title":"should perform full CRUD flow with signals","duration":32.015199999994365,"failureMessages":[],"meta":{}},{"ancestorTitles":["ClothesFunctionalApiService"],"fullName":"ClothesFunctionalApiService should load all clothes and compute derived signals","status":"passed","title":"should load all clothes and compute derived signals","duration":24.547899999990477,"failureMessages":[],"meta":{}},{"ancestorTitles":["ClothesFunctionalApiService"],"fullName":"ClothesFunctionalApiService should create, update stock via updateStock, and delete","status":"passed","title":"should create, update stock via updateStock, and delete","duration":23.539399999994203,"failureMessages":[],"meta":{}},{"ancestorTitles":["ClothesFunctionalApiService"],"fullName":"ClothesFunctionalApiService should handle getByCategory with ApiResponse mapping","status":"passed","title":"should handle getByCategory with ApiResponse mapping","duration":7.302700000000186,"failureMessages":[],"meta":{}},{"ancestorTitles":["ClothesFunctionalApiService"],"fullName":"ClothesFunctionalApiService should set error on failure and recover on subsequent success","status":"passed","title":"should set error on failure and recover on subsequent success","duration":10.059800000002724,"failureMessages":[],"meta":{}}],"startTime":1769672293365,"endTime":1769672293649.0598,"status":"passed","message":"","name":"C:/Users/dverduin/Documents/Estudio/angular-scaffolding/src/app/core/api/examples/functional-composition.example.spec.ts"},{"assertionResults":[{"ancestorTitles":["authGuard","when user is authenticated"],"fullName":"authGuard when user is authenticated should allow access to protected routes","status":"passed","title":"should allow access to protected routes","duration":99.54219999999623,"failureMessages":[],"meta":{}},{"ancestorTitles":["authGuard","when user is authenticated"],"fullName":"authGuard when user is authenticated should allow access to root path","status":"passed","title":"should allow access to root path","duration":21.793699999994715,"failureMessages":[],"meta":{}},{"ancestorTitles":["authGuard","when user is authenticated"],"fullName":"authGuard when user is authenticated should allow access to nested routes","status":"passed","title":"should allow access to nested routes","duration":5.3585000000020955,"failureMessages":[],"meta":{}},{"ancestorTitles":["authGuard","when user is not authenticated"],"fullName":"authGuard when user is not authenticated should redirect to login and block access","status":"passed","title":"should redirect to login and block access","duration":22.60679999999411,"failureMessages":[],"meta":{}},{"ancestorTitles":["authGuard","when user is not authenticated"],"fullName":"authGuard when user is not authenticated should redirect to login with root returnUrl for empty path","status":"passed","title":"should redirect to login with root returnUrl for empty path","duration":9.213099999993574,"failureMessages":[],"meta":{}},{"ancestorTitles":["authGuard","when user is not authenticated"],"fullName":"authGuard when user is not authenticated should redirect to login with full path for nested routes","status":"passed","title":"should redirect to login with full path for nested routes","duration":26.371999999988475,"failureMessages":[],"meta":{}},{"ancestorTitles":["authGuard","when auth status is unknown"],"fullName":"authGuard when auth status is unknown should block access without redirecting for unknown status","status":"passed","title":"should block access without redirecting for unknown status","duration":9.46799999999348,"failureMessages":[],"meta":{}},{"ancestorTitles":["authGuard","when auth status is unknown"],"fullName":"authGuard when auth status is unknown should block access for any route when status is unknown","status":"passed","title":"should block access for any route when status is unknown","duration":10.82719999999972,"failureMessages":[],"meta":{}},{"ancestorTitles":["authGuard","when user is refreshing token"],"fullName":"authGuard when user is refreshing token should redirect to login when refreshing","status":"passed","title":"should redirect to login when refreshing","duration":43.8972999999969,"failureMessages":[],"meta":{}},{"ancestorTitles":["authGuard","path construction"],"fullName":"authGuard path construction should handle single segment paths correctly","status":"passed","title":"should handle single segment paths correctly","duration":10.525699999998324,"failureMessages":[],"meta":{}},{"ancestorTitles":["authGuard","path construction"],"fullName":"authGuard path construction should handle multi-segment paths correctly","status":"passed","title":"should handle multi-segment paths correctly","duration":38.20369999999821,"failureMessages":[],"meta":{}},{"ancestorTitles":["authGuard","path construction"],"fullName":"authGuard path construction should handle paths with special characters","status":"passed","title":"should handle paths with special characters","duration":5.308199999999488,"failureMessages":[],"meta":{}}],"startTime":1769672287921,"endTime":1769672288226.308,"status":"passed","message":"","name":"C:/Users/dverduin/Documents/Estudio/angular-scaffolding/src/app/core/auth/guards/auth.guard.spec.ts"},{"assertionResults":[{"ancestorTitles":["permissionGuard","when user is not authenticated"],"fullName":"permissionGuard when user is not authenticated should redirect to login for single permission requirement","status":"passed","title":"should redirect to login for single permission requirement","duration":46.603999999992084,"failureMessages":[],"meta":{}},{"ancestorTitles":["permissionGuard","when user is not authenticated"],"fullName":"permissionGuard when user is not authenticated should redirect to login for multiple permission requirements","status":"passed","title":"should redirect to login for multiple permission requirements","duration":7.649900000003981,"failureMessages":[],"meta":{}},{"ancestorTitles":["permissionGuard","when user is not authenticated"],"fullName":"permissionGuard when user is not authenticated should redirect to login when status is unknown","status":"passed","title":"should redirect to login when status is unknown","duration":6.7247000000061234,"failureMessages":[],"meta":{}},{"ancestorTitles":["permissionGuard","when user is not authenticated"],"fullName":"permissionGuard when user is not authenticated should redirect to login when status is refreshing","status":"passed","title":"should redirect to login when status is refreshing","duration":4.15590000001248,"failureMessages":[],"meta":{}},{"ancestorTitles":["permissionGuard","when user is authenticated but user object is missing"],"fullName":"permissionGuard when user is authenticated but user object is missing should be handled by the store design (always sets user with authentication)","status":"passed","title":"should be handled by the store design (always sets user with authentication)","duration":14.777499999996508,"failureMessages":[],"meta":{}},{"ancestorTitles":["permissionGuard","when user is authenticated","with single permission requirement"],"fullName":"permissionGuard when user is authenticated with single permission requirement should allow access when user has required permission","status":"passed","title":"should allow access when user has required permission","duration":7.219699999986915,"failureMessages":[],"meta":{}},{"ancestorTitles":["permissionGuard","when user is authenticated","with single permission requirement"],"fullName":"permissionGuard when user is authenticated with single permission requirement should allow access for specific report permission","status":"passed","title":"should allow access for specific report permission","duration":12.39999999999418,"failureMessages":[],"meta":{}},{"ancestorTitles":["permissionGuard","when user is authenticated","with single permission requirement"],"fullName":"permissionGuard when user is authenticated with single permission requirement should redirect to forbidden when user lacks required permission","status":"passed","title":"should redirect to forbidden when user lacks required permission","duration":7.842999999993481,"failureMessages":[],"meta":{}},{"ancestorTitles":["permissionGuard","when user is authenticated","with single permission requirement"],"fullName":"permissionGuard when user is authenticated with single permission requirement should redirect to forbidden for nonexistent permission","status":"passed","title":"should redirect to forbidden for nonexistent permission","duration":7.552400000000489,"failureMessages":[],"meta":{}},{"ancestorTitles":["permissionGuard","when user is authenticated","with multiple permission requirements"],"fullName":"permissionGuard when user is authenticated with multiple permission requirements should allow access when user has all required permissions","status":"passed","title":"should allow access when user has all required permissions","duration":14.313999999998487,"failureMessages":[],"meta":{}},{"ancestorTitles":["permissionGuard","when user is authenticated","with multiple permission requirements"],"fullName":"permissionGuard when user is authenticated with multiple permission requirements should allow access for complex permission combination","status":"passed","title":"should allow access for complex permission combination","duration":5.709399999992456,"failureMessages":[],"meta":{}},{"ancestorTitles":["permissionGuard","when user is authenticated","with multiple permission requirements"],"fullName":"permissionGuard when user is authenticated with multiple permission requirements should redirect to forbidden when user lacks one required permission","status":"passed","title":"should redirect to forbidden when user lacks one required permission","duration":15.852200000008452,"failureMessages":[],"meta":{}},{"ancestorTitles":["permissionGuard","when user is authenticated","with multiple permission requirements"],"fullName":"permissionGuard when user is authenticated with multiple permission requirements should redirect to forbidden when user lacks multiple required permissions","status":"passed","title":"should redirect to forbidden when user lacks multiple required permissions","duration":5.174599999998463,"failureMessages":[],"meta":{}},{"ancestorTitles":["permissionGuard","when user is authenticated","with user having no permissions"],"fullName":"permissionGuard when user is authenticated with user having no permissions should redirect to forbidden for any permission requirement","status":"passed","title":"should redirect to forbidden for any permission requirement","duration":9.033799999990151,"failureMessages":[],"meta":{}},{"ancestorTitles":["permissionGuard","when user is authenticated","with user having no permissions"],"fullName":"permissionGuard when user is authenticated with user having no permissions should redirect to forbidden for multiple permission requirements","status":"passed","title":"should redirect to forbidden for multiple permission requirements","duration":6.2017999999952735,"failureMessages":[],"meta":{}},{"ancestorTitles":["permissionGuard","edge cases"],"fullName":"permissionGuard edge cases should handle empty array permission requirement","status":"passed","title":"should handle empty array permission requirement","duration":6.905100000003586,"failureMessages":[],"meta":{}},{"ancestorTitles":["permissionGuard","edge cases"],"fullName":"permissionGuard edge cases should handle permission guard factory with string parameter","status":"passed","title":"should handle permission guard factory with string parameter","duration":6.440200000011828,"failureMessages":[],"meta":{}},{"ancestorTitles":["permissionGuard","edge cases"],"fullName":"permissionGuard edge cases should handle permission guard factory with array parameter","status":"passed","title":"should handle permission guard factory with array parameter","duration":6.277600000001257,"failureMessages":[],"meta":{}},{"ancestorTitles":["permissionGuard","permission evaluation logic"],"fullName":"permissionGuard permission evaluation logic should use case-sensitive permission matching","status":"passed","title":"should use case-sensitive permission matching","duration":10.72500000000582,"failureMessages":[],"meta":{}},{"ancestorTitles":["permissionGuard","permission evaluation logic"],"fullName":"permissionGuard permission evaluation logic should require exact permission string matches","status":"passed","title":"should require exact permission string matches","duration":8.459900000001653,"failureMessages":[],"meta":{}}],"startTime":1769672293668,"endTime":1769672293880.46,"status":"passed","message":"","name":"C:/Users/dverduin/Documents/Estudio/angular-scaffolding/src/app/core/auth/guards/permission.guard.spec.ts"},{"assertionResults":[{"ancestorTitles":["HasPermissionDirective","when user is not authenticated"],
[...]
nent"],"fullName":"InteractiveDemoComponent should create","status":"passed","title":"should create","duration":665.5212000000029,"failureMessages":[],"meta":{}},{"ancestorTitles":["InteractiveDemoComponent"],"fullName":"InteractiveDemoComponent should display all component groups","status":"passed","title":"should display all component groups","duration":145.0225999999966,"failureMessages":[],"meta":{}},{"ancestorTitles":["InteractiveDemoComponent"],"fullName":"InteractiveDemoComponent should display button demos with correct classes","status":"passed","title":"should display button demos with correct classes","duration":93.97819999999774,"failureMessages":[],"meta":{}},{"ancestorTitles":["InteractiveDemoComponent"],"fullName":"InteractiveDemoComponent should display form elements correctly","status":"passed","title":"should display form elements correctly","duration":177.78650000000198,"failureMessages":[],"meta":{}},{"ancestorTitles":["InteractiveDemoComponent"],"fullName":"InteractiveDemoComponent should display card demos correctly","status":"passed","title":"should display card demos correctly","duration":143.50789999999688,"failureMessages":[],"meta":{}},{"ancestorTitles":["InteractiveDemoComponent"],"fullName":"InteractiveDemoComponent should have proper form structure and accessibility","status":"passed","title":"should have proper form structure and accessibility","duration":92.04769999999553,"failureMessages":[],"meta":{}},{"ancestorTitles":["InteractiveDemoComponent"],"fullName":"InteractiveDemoComponent should apply correct CSS classes and structure","status":"passed","title":"should apply correct CSS classes and structure","duration":85.01520000000892,"failureMessages":[],"meta":{}},{"ancestorTitles":["InteractiveDemoComponent"],"fullName":"InteractiveDemoComponent should have interactive elements that can receive focus","status":"passed","title":"should have interactive elements that can receive focus","duration":191.4475999999995,"failureMessages":[],"meta":{}},{"ancestorTitles":["InteractiveDemoComponent"],"fullName":"InteractiveDemoComponent should display content with proper typography","status":"passed","title":"should display content with proper typography","duration":132.3847999999998,"failureMessages":[],"meta":{}}],"startTime":1769672278033,"endTime":1769672279761.3848,"status":"passed","message":"","name":"C:/Users/dverduin/Documents/Estudio/angular-scaffolding/src/app/features/demo-pages/theme-demo/components/interactive-demo/interactive-demo.component.spec.ts"},{"assertionResults":[{"ancestorTitles":["ResponsiveDemoComponent"],"fullName":"ResponsiveDemoComponent should create","status":"passed","title":"should create","duration":843.3030999999901,"failureMessages":[],"meta":{}},{"ancestorTitles":["ResponsiveDemoComponent"],"fullName":"ResponsiveDemoComponent should display grid demo with 6 items","status":"passed","title":"should display grid demo with 6 items","duration":282.14710000000196,"failureMessages":[],"meta":{}},{"ancestorTitles":["ResponsiveDemoComponent"],"fullName":"ResponsiveDemoComponent should display responsive note","status":"passed","title":"should display responsive note","duration":5.552700000000186,"failureMessages":[],"meta":{}},{"ancestorTitles":["ResponsiveDemoComponent"],"fullName":"ResponsiveDemoComponent should have proper component structure","status":"passed","title":"should have proper component structure","duration":6.007499999992433,"failureMessages":[],"meta":{}},{"ancestorTitles":["ResponsiveDemoComponent"],"fullName":"ResponsiveDemoComponent should apply correct CSS classes to grid items","status":"passed","title":"should apply correct CSS classes to grid items","duration":118.03209999999672,"failureMessages":[],"meta":{}},{"ancestorTitles":["ResponsiveDemoComponent"],"fullName":"ResponsiveDemoComponent should have grid demo container with proper structure","status":"passed","title":"should have grid demo container with proper structure","duration":7.950400000001537,"failureMessages":[],"meta":{}},{"ancestorTitles":["ResponsiveDemoComponent"],"fullName":"ResponsiveDemoComponent should display items with sequential numbering","status":"passed","title":"should display items with sequential numbering","duration":18.309700000012526,"failureMessages":[],"meta":{}},{"ancestorTitles":["ResponsiveDemoComponent"],"fullName":"ResponsiveDemoComponent should have responsive note with correct styling class","status":"passed","title":"should have responsive note with correct styling class","duration":5.459599999987404,"failureMessages":[],"meta":{}},{"ancestorTitles":["ResponsiveDemoComponent"],"fullName":"ResponsiveDemoComponent should maintain proper hierarchy structure","status":"passed","title":"should maintain proper hierarchy structure","duration":5.238899999996647,"failureMessages":[],"meta":{}},{"ancestorTitles":["ResponsiveDemoComponent"],"fullName":"ResponsiveDemoComponent should be a simple component without complex interactions","status":"passed","title":"should be a simple component without complex interactions","duration":24.63400000000547,"failureMessages":[],"meta":{}},{"ancestorTitles":["ResponsiveDemoComponent"],"fullName":"ResponsiveDemoComponent should have consistent grid item content","status":"passed","title":"should have consistent grid item content","duration":130.30879999999888,"failureMessages":[],"meta":{}},{"ancestorTitles":["ResponsiveDemoComponent"],"fullName":"ResponsiveDemoComponent should render all content as expected","status":"passed","title":"should render all content as expected","duration":83.10949999999139,"failureMessages":[],"meta":{}}],"startTime":1769672285520,"endTime":1769672287051.1096,"status":"passed","message":"","name":"C:/Users/dverduin/Documents/Estudio/angular-scaffolding/src/app/features/demo-pages/theme-demo/components/responsive-demo/responsive-demo.component.spec.ts"},{"assertionResults":[{"ancestorTitles":["StatusIndicatorsComponent"],"fullName":"StatusIndicatorsComponent should create","status":"passed","title":"should create","duration":383.91079999999783,"failureMessages":[],"meta":{}},{"ancestorTitles":["StatusIndicatorsComponent"],"fullName":"StatusIndicatorsComponent should display all status indicators","status":"passed","title":"should display all status indicators","duration":97.22250000000349,"failureMessages":[],"meta":{}},{"ancestorTitles":["StatusIndicatorsComponent"],"fullName":"StatusIndicatorsComponent should display correct icons for each status","status":"passed","title":"should display correct icons for each status","duration":61.96510000000126,"failureMessages":[],"meta":{}},{"ancestorTitles":["StatusIndicatorsComponent"],"fullName":"StatusIndicatorsComponent should display correct text for each status","status":"passed","title":"should display correct text for each status","duration":42.869800000000396,"failureMessages":[],"meta":{}},{"ancestorTitles":["StatusIndicatorsComponent"],"fullName":"StatusIndicatorsComponent should apply correct CSS classes for success status","status":"passed","title":"should apply correct CSS classes for success status","duration":26.799299999998766,"failureMessages":[],"meta":{}},{"ancestorTitles":["StatusIndicatorsComponent"],"fullName":"StatusIndicatorsComponent should apply correct CSS classes for warning status","status":"passed","title":"should apply correct CSS classes for warning status","duration":37.22819999999774,"failureMessages":[],"meta":{}},{"ancestorTitles":["StatusIndicatorsComponent"],"fullName":"StatusIndicatorsComponent should apply correct CSS classes for error status","status":"passed","title":"should apply correct CSS classes for error status","duration":26.093399999997928,"failureMessages":[],"meta":{}},{"ancestorTitles":["StatusIndicatorsComponent"],"fullName":"StatusIndicatorsComponent should apply correct CSS classes for info status","status":"passed","title":"should apply correct CSS classes for info status","duration":58.48520000001008,"failureMessages":[],"meta":{}},{"ancestorTitles":["StatusIndicatorsComponent"],"fullName":"StatusIndicatorsComponent should have proper component structure","status":"passed","title":"should have proper component structure","duration":94.05139999999665,"failureMessages":[],"meta":{}},{"ancestorTitles":["StatusIndicatorsComponent"],"fullName":"StatusIndicatorsComponent should have semantic structure with proper hierarchy","status":"passed","title":"should have semantic structure with proper hierarchy","duration":22.369499999986147,"failureMessages":[],"meta":{}},{"ancestorTitles":["StatusIndicatorsComponent"],"fullName":"StatusIndicatorsComponent should maintain consistent status item structure","status":"passed","title":"should maintain consistent status item structure","duration":174.52369999999064,"failureMessages":[],"meta":{}},{"ancestorTitles":["StatusIndicatorsComponent"],"fullName":"StatusIndicatorsComponent should display status indicators in grid layout","status":"passed","title":"should display status indicators in grid layout","duration":8.991599999993923,"failureMessages":[],"meta":{}},{"ancestorTitles":["StatusIndicatorsComponent"],"fullName":"StatusIndicatorsComponent should be accessible with proper text content","status":"passed","title":"should be accessible with proper text content","duration":22.842700000008335,"failureMessages":[],"meta":{}}],"startTime":1769672281081,"endTime":1769672282139.8428,"status":"passed","message":"","name":"C:/Users/dverduin/Documents/Estudio/angular-scaffolding/src/app/features/demo-pages/theme-demo/components/status-indicators/status-indicators.component.spec.ts"},{"assertionResults":[{"ancestorTitles":["ThemeControlsComponent Accessibility","Radio Group Accessibility"],"fullName":"ThemeControlsComponent Accessibility Radio Group Accessibility should have proper radiogroup role and labeling","status":"passed","title":"should have proper radiogroup role and labeling","duration":1366.5321000000113,"failureMessages":[],"meta":{}},{"ancestorTitles":["ThemeControlsComponent Accessibility","Radio Group Accessibility"],"fullName":"ThemeControlsComponent Accessibility Radio Group Accessibility should have proper radio button roles and states","status":"passed","title":"should have proper radio button roles and states","duration":194.88960000000952,"failureMessages":[],"meta":{}},{"ancestorTitles":["ThemeControlsComponent Accessibility","Radio Group Accessibility"],"fullName":"ThemeControlsComponent Accessibility Radio Group Accessibility should indicate selected theme correctly","status":"passed","title":"should indicate selected theme correctly","duration":186.1417999999976,"failureMessages":[],"meta":{}},{"ancestorTitles":["ThemeControlsComponent Accessibility","Radio Group Accessibility"],"fullName":"ThemeControlsComponent Accessibility Radio Group Accessibility should support arrow key navigation","status":"passed","title":"should support arrow key navigation","duration":158.20329999999376,"failureMessages":[],"meta":{}},{"ancestorTitles":["ThemeControlsComponent Accessibility","Button Accessibility"],"fullName":"ThemeControlsComponent Accessibility Button Accessibility should have proper button types and labels","status":"passed","title":"should have proper button types and labels","duration":216.8576999999932,"failureMessages":[],"meta":{}},{"ancestorTitles":["ThemeControlsComponent Accessibility","Button Accessibility"],"fullName":"ThemeControlsComponent Accessibility Button Accessibility should hide decorative icons from screen readers","status":"passed","title":"should hide decorative icons from screen readers","duration":271.38679999999295,"failureMessages":[],"meta":{}},{"ancestorTitles":["ThemeControlsComponent Accessibility","Checkbox Accessibility"],"fullName":"ThemeControlsComponent Accessibility Checkbox Accessibility should have proper checkbox labeling and description","status":"passed","title":"should have proper checkbox labeling and description","duration":157.60570000000007,"failureMessages":[],"meta":{}},{"ancestorTitles":["ThemeControlsComponent Accessibility","Keyboard Navigation"],"fullName":"ThemeControlsComponent Accessibility Keyboard Navigation should have proper tab order","status":"passed","title":"should have proper tab order","duration":135.11969999999565,"failureMessages":[],"meta":{}},{"ancestorTitles":["ThemeControlsComponent Accessibility","Keyboard Navigation"],"fullName":"ThemeControlsComponent Accessibility Keyboard Navigation should support space key for radio buttons","status":"passed","title":"should support space key for radio buttons","duration":160.01900000000023,"failureMessages":[],"meta":{}},{"ancestorTitles":["ThemeControlsComponent Accessibility","Screen Reader Support"],"fullName":"ThemeControlsComponent Accessibility Screen Reader Support should provide descriptive labels for all controls","status":"passed","title":"should provide descriptive labels for all controls","duration":132.99030000000494,"failureMessages":[],"meta":{}},{"ancestorTitles":["ThemeControlsComponent Accessibility","Screen Reader Support"],"fullName":"ThemeControlsComponent Accessibility Screen Reader Support should have proper control descriptions","status":"passed","title":"should have proper control descriptions","duration":84.40689999998722,"failureMessages":[],"meta":{}},{"ancestorTitles":["ThemeControlsComponent Accessibility","State Management"],"fullName":"ThemeControlsComponent Accessibility State Management should update aria states when theme changes","status":"passed","title":"should update aria states when theme changes","duration":84.11669999999867,"failureMessages":[],"meta":{}},{"ancestorTitles":["ThemeControlsComponent Accessibility","State Management"],"fullName":"ThemeControlsComponent Accessibility State Management should handle checkbox state changes","status":"passed","title":"should handle checkbox state changes","duration":143.62709999999788,"failureMessages":[],"meta":{}},{"ancestorTitles":["ThemeControlsComponent Accessibility","Focus Management"],"fullName":"ThemeControlsComponent Accessibility Focus Management should maintain focus after interactions","status":"passed","title":"should maintain focus after interactions","duration":49.98769999999786,"failureMessages":[],"meta":{}},{"ancestorTitles":["ThemeControlsComponent Accessibility","High Contrast Support"],"fullName":"ThemeControlsComponent Accessibility High Contrast Support should work with high contrast mode","status":"passed","title":"should work with high contrast mode","duration":153.68859999999404,"failureMessages":[],"meta":{}}],"startTime":1769672272967,"endTime":1769672276477.6887,"status":"passed","message":"","name":"C:/Users/dverduin/Documents/Estudio/angular-scaffolding/src/app/features/demo-pages/theme-demo/components/theme-controls/theme-controls.component.accessibility.spec.ts"},{"assertionResults":[{"ancestorTitles":["ThemeControlsComponent"],"fullName":"ThemeControlsComponent should create","status":"passed","title":"should create","duration":451.09219999999914,"failureMessages":[],"meta":{}},{"ancestorTitles":["ThemeControlsComponent"],"fullName":"ThemeControlsComponent should display theme selection buttons","status":"passed","title":"should display theme selection buttons","duration":169.8798999999999,"failureMessages":[],"meta":{}},{"ancestorTitles":["ThemeControlsComponent"],"fullName":"ThemeControlsComponent should mark active theme button correctly","status":"passed","title":"should mark active theme button correctly","duration":159.12799999999697,"failureMessages":[],"meta":{}},{"ancestorTitles":["ThemeControlsComponent"],"fullName":"ThemeControlsComponent should call setTheme when theme button is clicked","status":"passed","title":"should call setTheme when theme button is clicked","duration":122.27790000000095,"failureMessages":[],"meta":{}},{"ancestorTitles":["ThemeControlsComponent"],"fullName":"ThemeControlsComponent should display correct toggle button text for light mode","status":"passed","title":"should display correct toggle button text for light mode","duration":133.9389999999985,"failureMessages":[],"meta":{}},{"ancestorTitles":["ThemeControlsComponent"],"fullName":"ThemeControlsComponent should display correct toggle button text for dark mode","status":"passed","title":"should display correct toggle button text for dark mode","duration":70.1987999999983,"failureMessages":[],"meta":{}},{"ancestorTitles":["ThemeControlsComponent"],"fullName":"ThemeControlsComponent should call toggleTheme when toggle button is clicked","status":"passed","title":"should call toggleTheme when toggle button is clicked","duration":94.30389999999898,"failureMessages":[],"meta":{}},{"ancestorTitles":["ThemeControlsComponent"],"fullName":"ThemeControlsComponent should reflect system preference checkbox state","status":"passed","title":"should reflect system preference checkbox state","duration":48.316299999991315,"failureMessages":[],"meta":{}},{"ancestorTitles":["ThemeControlsComponent"],"fullName":"ThemeControlsComponent should call toggleSystemPreference when checkbox is changed","status":"passed","title":"should call toggleSystemPreference when checkbox is changed","duration":32.32979999999225,"failureMessages":[],"meta":{}},{"ancestorTitles":["ThemeControlsComponent"],"fullName":"ThemeControlsComponent should call resetToDefaults when reset button is clicked","status":"passed","title":"should call resetToDefaults when reset button is clicked","duration":79.00370000000112,"failureMessages":[],"meta":{}},{"ancestorTitles":["ThemeControlsComponent"],"fullName":"ThemeControlsComponent should have proper control group structure","status":"passed","title":"should have proper control group structure","duration":37.97050000001036,"failureMessages":[],"meta":{}},{"ancestorTitles":["ThemeControlsComponent"],"fullName":"ThemeControlsComponent should apply correct CSS classes","status":"passed","title":"should apply correct CSS classes","duration":48.991199999989476,"failureMessages":[],"meta":{}}],"startTime":1769672270683,"endTime":1769672272131.9912,"status":"passed","message":"","name":"C:/Users/dverduin/Documents/Estudio/angular-scaffolding/src/app/features/demo-pages/theme-demo/components/theme-controls/theme-controls.component.spec.ts"},{"assertionResults":[{"ancestorTitles":["ThemeStatusComponent"],"fullName":"ThemeStatusComponent should create","status":"passed","title":"should create","duration":670.9060999999929,"failureMessages":[],"meta":{}},{"ancestorTitles":["ThemeStatusComponent"],"fullName":"ThemeStatusComponent should display current theme information","status":"passed","title":"should display current theme information","duration":70.425499999983,"failureMessages":[],"meta":{}},{"ancestorTitles":["ThemeStatusComponent"],"fullName":"ThemeStatusComponent should display dark mode as enabled when in dark mode","status":"passed","title":"should display dark mode as enabled when in dark mode","duration":15.527800000010757,"failureMessages":[],"meta":{}},{"ancestorTitles":["ThemeStatusComponent"],"fullName":"ThemeStatusComponent should detect system preference correctly","status":"passed","title":"should detect system preference correctly","duration":33.61050000000978,"failureMessages":[],"meta":{}},{"ancestorTitles":["ThemeStatusComponent"],"fullName":"ThemeStatusComponent should handle missing window.matchMedia gracefully","status":"passed","title":"should handle missing window.matchMedia gracefully","duration":19.176299999991897,"failureMessages":[],"meta":{}},{"ancestorTitles":["ThemeStatusComponent"],"fullName":"ThemeStatusComponent should apply correct CSS classes","status":"passed","title":"should apply correct CSS classes","duration":52.0454000000027,"failureMessages":[],"meta":{}}],"startTime":1769672295252,"endTime":1769672296115.0454,"status":"passed","message":"","name":"C:/Users/dverduin/Documents/Estudio/angular-scaffolding/src/app/features/demo-pages/theme-demo/components/theme-status/theme-status.component.spec.ts"}]}